The target system is: Android - 1 - aarch64
The host system is: Linux - 6.14.0-15-generic - x86_64
Detecting C compiler ABI info compiled with the following output:
Change Dir: /home/pierrejunior/StudioProjects/BitcoinTicker/android/app/.cxx/Debug/w6t251c1/arm64-v8a/CMakeFiles/CMakeTmp

Run Build Command(s):/home/pierrejunior/Android/Sdk/cmake/3.18.1/bin/ninja cmTC_f223a && [1/2] Building C object CMakeFiles/cmTC_f223a.dir/CMakeCCompilerABI.c.o
Android (11349228, +pgo, +bolt, +lto, -mlgo, based on r487747e) clang version 17.0.2 (https://android.googlesource.com/toolchain/llvm-project d9f89f4d16663d5012e5c09495f3b30ece3d2362)
Target: aarch64-none-linux-android21
Thread model: posix
InstalledDir: /home/pierrejunior/Android/Sdk/ndk/26.3.11579264/toolchains/llvm/prebuilt/linux-x86_64/bin
 (in-process)
 "/home/pierrejunior/Android/Sdk/ndk/26.3.11579264/toolchains/llvm/prebuilt/linux-x86_64/bin/clang" -cc1 -triple aarch64-none-linux-android21 -emit-obj -mrelax-all -disable-free -clear-ast-before-backend -disable-llvm-verifier -discard-value-names -main-file-name CMakeCCompilerABI.c -mrelocation-model pic -pic-level 2 -pic-is-pie -mframe-pointer=non-leaf -ffp-contract=on -fno-rounding-math -mconstructor-aliases -funwind-tables=2 -target-cpu generic -target-feature +neon -target-feature +v8a -target-feature +fix-cortex-a53-835769 -target-abi aapcs -mllvm -treat-scalable-fixed-error-as-warning -debug-info-kind=constructor -dwarf-version=4 -debugger-tuning=gdb -v -ffunction-sections -fdata-sections -fcoverage-compilation-dir=/home/pierrejunior/StudioProjects/BitcoinTicker/android/app/.cxx/Debug/w6t251c1/arm64-v8a/CMakeFiles/CMakeTmp -resource-dir /home/pierrejunior/Android/Sdk/ndk/26.3.11579264/toolchains/llvm/prebuilt/linux-x86_64/lib/clang/17 -dependency-file CMakeFiles/cmTC_f223a.dir/CMakeCCompilerABI.c.o.d -MT CMakeFiles/cmTC_f223a.dir/CMakeCCompilerABI.c.o -sys-header-deps -D ANDROID -D _FORTIFY_SOURCE=2 -isysroot /home/pierrejunior/Android/Sdk/ndk/26.3.11579264/toolchains/llvm/prebuilt/linux-x86_64/sysroot -cxx-isystem /snap/flutter/current/usr/include/x86_64-linux-gnu/c++/9 -cxx-isystem /snap/flutter/current/usr/include/c++/9 -cxx-isystem /snap/flutter/current/usr/include -cxx-isystem /snap/flutter/current/usr/include/x86_64-linux-gnu -cxx-isystem /snap/flutter/current/usr/include/c++/9 -internal-isystem /home/pierrejunior/Android/Sdk/ndk/26.3.11579264/toolchains/llvm/prebuilt/linux-x86_64/lib/clang/17/include -internal-isystem /home/pierrejunior/Android/Sdk/ndk/26.3.11579264/toolchains/llvm/prebuilt/linux-x86_64/sysroot/usr/local/include -internal-externc-isystem /home/pierrejunior/Android/Sdk/ndk/26.3.11579264/toolchains/llvm/prebuilt/linux-x86_64/sysroot/usr/include/aarch64-linux-android -internal-externc-isystem /home/pierrejunior/Android/Sdk/ndk/26.3.11579264/toolchains/llvm/prebuilt/linux-x86_64/sysroot/include -internal-externc-isystem /home/pierrejunior/Android/Sdk/ndk/26.3.11579264/toolchains/llvm/prebuilt/linux-x86_64/sysroot/usr/include -Wformat -fdebug-compilation-dir=/home/pierrejunior/StudioProjects/BitcoinTicker/android/app/.cxx/Debug/w6t251c1/arm64-v8a/CMakeFiles/CMakeTmp -ferror-limit 19 -stack-protector 2 -fno-signed-char -fgnuc-version=4.2.1 -target-feature +outline-atomics -D__GCC_HAVE_DWARF2_CFI_ASM=1 -o CMakeFiles/cmTC_f223a.dir/CMakeCCompilerABI.c.o -x c /home/pierrejunior/Android/Sdk/cmake/3.18.1/share/cmake-3.18/Modules/CMakeCCompilerABI.c
clang -cc1 version 17.0.2 based upon LLVM 17.0.2 default target x86_64-unknown-linux-gnu
ignoring nonexistent directory "/home/pierrejunior/Android/Sdk/ndk/26.3.11579264/toolchains/llvm/prebuilt/linux-x86_64/sysroot/usr/local/include"
ignoring nonexistent directory "/home/pierrejunior/Android/Sdk/ndk/26.3.11579264/toolchains/llvm/prebuilt/linux-x86_64/sysroot/include"
#include "..." search starts here:
#include <...> search starts here:
 /home/pierrejunior/Android/Sdk/ndk/26.3.11579264/toolchains/llvm/prebuilt/linux-x86_64/lib/clang/17/include
 /home/pierrejunior/Android/Sdk/ndk/26.3.11579264/toolchains/llvm/prebuilt/linux-x86_64/sysroot/usr/include/aarch64-linux-android
 /home/pierrejunior/Android/Sdk/ndk/26.3.11579264/toolchains/llvm/prebuilt/linux-x86_64/sysroot/usr/include
End of search list.
[2/2] Linking C executable cmTC_f223a
Android (11349228, +pgo, +bolt, +lto, -mlgo, based on r487747e) clang version 17.0.2 (https://android.googlesource.com/toolchain/llvm-project d9f89f4d16663d5012e5c09495f3b30ece3d2362)
Target: aarch64-none-linux-android21
Thread model: posix
InstalledDir: /home/pierrejunior/Android/Sdk/ndk/26.3.11579264/toolchains/llvm/prebuilt/linux-x86_64/bin
 "/home/pierrejunior/Android/Sdk/ndk/26.3.11579264/toolchains/llvm/prebuilt/linux-x86_64/bin/ld.lld" --sysroot=/home/pierrejunior/Android/Sdk/ndk/26.3.11579264/toolchains/llvm/prebuilt/linux-x86_64/sysroot -pie -EL --fix-cortex-a53-843419 -z now -z relro -z max-page-size=4096 --hash-style=both --eh-frame-hdr -m aarch64linux -dynamic-linker /system/bin/linker64 -o cmTC_f223a /home/pierrejunior/Android/Sdk/ndk/26.3.11579264/toolchains/llvm/prebuilt/linux-x86_64/sysroot/usr/lib/aarch64-linux-android/21/crtbegin_dynamic.o -L/home/pierrejunior/Android/Sdk/ndk/26.3.11579264/toolchains/llvm/prebuilt/linux-x86_64/lib/clang/17/lib/linux/aarch64 -L/home/pierrejunior/Android/Sdk/ndk/26.3.11579264/toolchains/llvm/prebuilt/linux-x86_64/sysroot/usr/lib/aarch64-linux-android/21 -L/home/pierrejunior/Android/Sdk/ndk/26.3.11579264/toolchains/llvm/prebuilt/linux-x86_64/sysroot/usr/lib/aarch64-linux-android -L/home/pierrejunior/Android/Sdk/ndk/26.3.11579264/toolchains/llvm/prebuilt/linux-x86_64/sysroot/usr/lib --build-id=sha1 --no-rosegment --no-undefined-version --fatal-warnings --no-undefined CMakeFiles/cmTC_f223a.dir/CMakeCCompilerABI.c.o /home/pierrejunior/Android/Sdk/ndk/26.3.11579264/toolchains/llvm/prebuilt/linux-x86_64/lib/clang/17/lib/linux/libclang_rt.builtins-aarch64-android.a -l:libunwind.a -ldl -lc /home/pierrejunior/Android/Sdk/ndk/26.3.11579264/toolchains/llvm/prebuilt/linux-x86_64/lib/clang/17/lib/linux/libclang_rt.builtins-aarch64-android.a -l:libunwind.a -ldl /home/pierrejunior/Android/Sdk/ndk/26.3.11579264/toolchains/llvm/prebuilt/linux-x86_64/sysroot/usr/lib/aarch64-linux-android/21/crtend_android.o



Parsed C implicit include dir info from above output: rv=done
  found start of include info
  found start of implicit include info
    add: [/home/pierrejunior/Android/Sdk/ndk/26.3.11579264/toolchains/llvm/prebuilt/linux-x86_64/lib/clang/17/include]
    add: [/home/pierrejunior/Android/Sdk/ndk/26.3.11579264/toolchains/llvm/prebuilt/linux-x86_64/sysroot/usr/include/aarch64-linux-android]
    add: [/home/pierrejunior/Android/Sdk/ndk/26.3.11579264/toolchains/llvm/prebuilt/linux-x86_64/sysroot/usr/include]
  end of search list found
  collapse include dir [/home/pierrejunior/Android/Sdk/ndk/26.3.11579264/toolchains/llvm/prebuilt/linux-x86_64/lib/clang/17/include] ==> [/home/pierrejunior/Android/Sdk/ndk/26.3.11579264/toolchains/llvm/prebuilt/linux-x86_64/lib/clang/17/include]
  collapse include dir [/home/pierrejunior/Android/Sdk/ndk/26.3.11579264/toolchains/llvm/prebuilt/linux-x86_64/sysroot/usr/include/aarch64-linux-android] ==> [/home/pierrejunior/Android/Sdk/ndk/26.3.11579264/toolchains/llvm/prebuilt/linux-x86_64/sysroot/usr/include/aarch64-linux-android]
  collapse include dir [/home/pierrejunior/Android/Sdk/ndk/26.3.11579264/toolchains/llvm/prebuilt/linux-x86_64/sysroot/usr/include] ==> [/home/pierrejunior/Android/Sdk/ndk/26.3.11579264/toolchains/llvm/prebuilt/linux-x86_64/sysroot/usr/include]
  implicit include dirs: [/home/pierrejunior/Android/Sdk/ndk/26.3.11579264/toolchains/llvm/prebuilt/linux-x86_64/lib/clang/17/include;/home/pierrejunior/Android/Sdk/ndk/26.3.11579264/toolchains/llvm/prebuilt/linux-x86_64/sysroot/usr/include/aarch64-linux-android;/home/pierrejunior/Android/Sdk/ndk/26.3.11579264/toolchains/llvm/prebuilt/linux-x86_64/sysroot/usr/include]


Parsed C implicit link information from above output:
  link line regex: [^( *|.*[/\])(ld\.lld|CMAKE_LINK_STARTFILE-NOTFOUND|([^/\]+-)?ld|collect2)[^/\]*( |$)]
  ignore line: [Change Dir: /home/pierrejunior/StudioProjects/BitcoinTicker/android/app/.cxx/Debug/w6t251c1/arm64-v8a/CMakeFiles/CMakeTmp]
  ignore line: []
  ignore line: [Run Build Command(s):/home/pierrejunior/Android/Sdk/cmake/3.18.1/bin/ninja cmTC_f223a && [1/2] Building C object CMakeFiles/cmTC_f223a.dir/CMakeCCompilerABI.c.o]
  ignore line: [Android (11349228  +pgo  +bolt  +lto  -mlgo  based on r487747e) clang version 17.0.2 (https://android.googlesource.com/toolchain/llvm-project d9f89f4d16663d5012e5c09495f3b30ece3d2362)]
  ignore line: [Target: aarch64-none-linux-android21]
  ignore line: [Thread model: posix]
  ignore line: [InstalledDir: /home/pierrejunior/Android/Sdk/ndk/26.3.11579264/toolchains/llvm/prebuilt/linux-x86_64/bin]
  ignore line: [ (in-process)]
  ignore line: [ "/home/pierrejunior/Android/Sdk/ndk/26.3.11579264/toolchains/llvm/prebuilt/linux-x86_64/bin/clang" -cc1 -triple aarch64-none-linux-android21 -emit-obj -mrelax-all -disable-free -clear-ast-before-backend -disable-llvm-verifier -discard-value-names -main-file-name CMakeCCompilerABI.c -mrelocation-model pic -pic-level 2 -pic-is-pie -mframe-pointer=non-leaf -ffp-contract=on -fno-rounding-math -mconstructor-aliases -funwind-tables=2 -target-cpu generic -target-feature +neon -target-feature +v8a -target-feature +fix-cortex-a53-835769 -target-abi aapcs -mllvm -treat-scalable-fixed-error-as-warning -debug-info-kind=constructor -dwarf-version=4 -debugger-tuning=gdb -v -ffunction-sections -fdata-sections -fcoverage-compilation-dir=/home/pierrejunior/StudioProjects/BitcoinTicker/android/app/.cxx/Debug/w6t251c1/arm64-v8a/CMakeFiles/CMakeTmp -resource-dir /home/pierrejunior/Android/Sdk/ndk/26.3.11579264/toolchains/llvm/prebuilt/linux-x86_64/lib/clang/17 -dependency-file CMakeFiles/cmTC_f223a.dir/CMakeCCompilerABI.c.o.d -MT CMakeFiles/cmTC_f223a.dir/CMakeCCompilerABI.c.o -sys-header-deps -D ANDROID -D _FORTIFY_SOURCE=2 -isysroot /home/pierrejunior/Android/Sdk/ndk/26.3.11579264/toolchains/llvm/prebuilt/linux-x86_64/sysroot -cxx-isystem /snap/flutter/current/usr/include/x86_64-linux-gnu/c++/9 -cxx-isystem /snap/flutter/current/usr/include/c++/9 -cxx-isystem /snap/flutter/current/usr/include -cxx-isystem /snap/flutter/current/usr/include/x86_64-linux-gnu -cxx-isystem /snap/flutter/current/usr/include/c++/9 -internal-isystem /home/pierrejunior/Android/Sdk/ndk/26.3.11579264/toolchains/llvm/prebuilt/linux-x86_64/lib/clang/17/include -internal-isystem /home/pierrejunior/Android/Sdk/ndk/26.3.11579264/toolchains/llvm/prebuilt/linux-x86_64/sysroot/usr/local/include -internal-externc-isystem /home/pierrejunior/Android/Sdk/ndk/26.3.11579264/toolchains/llvm/prebuilt/linux-x86_64/sysroot/usr/include/aarch64-linux-android -internal-externc-isystem /home/pierrejunior/Android/Sdk/ndk/26.3.11579264/toolchains/llvm/prebuilt/linux-x86_64/sysroot/include -internal-externc-isystem /home/pierrejunior/Android/Sdk/ndk/26.3.11579264/toolchains/llvm/prebuilt/linux-x86_64/sysroot/usr/include -Wformat -fdebug-compilation-dir=/home/pierrejunior/StudioProjects/BitcoinTicker/android/app/.cxx/Debug/w6t251c1/arm64-v8a/CMakeFiles/CMakeTmp -ferror-limit 19 -stack-protector 2 -fno-signed-char -fgnuc-version=4.2.1 -target-feature +outline-atomics -D__GCC_HAVE_DWARF2_CFI_ASM=1 -o CMakeFiles/cmTC_f223a.dir/CMakeCCompilerABI.c.o -x c /home/pierrejunior/Android/Sdk/cmake/3.18.1/share/cmake-3.18/Modules/CMakeCCompilerABI.c]
  ignore line: [clang -cc1 version 17.0.2 based upon LLVM 17.0.2 default target x86_64-unknown-linux-gnu]
  ignore line: [ignoring nonexistent directory "/home/pierrejunior/Android/Sdk/ndk/26.3.11579264/toolchains/llvm/prebuilt/linux-x86_64/sysroot/usr/local/include"]
  ignore line: [ignoring nonexistent directory "/home/pierrejunior/Android/Sdk/ndk/26.3.11579264/toolchains/llvm/prebuilt/linux-x86_64/sysroot/include"]
  ignore line: [#include "..." search starts here:]
  ignore line: [#include <...> search starts here:]
  ignore line: [ /home/pierrejunior/Android/Sdk/ndk/26.3.11579264/toolchains/llvm/prebuilt/linux-x86_64/lib/clang/17/include]
  ignore line: [ /home/pierrejunior/Android/Sdk/ndk/26.3.11579264/toolchains/llvm/prebuilt/linux-x86_64/sysroot/usr/include/aarch64-linux-android]
  ignore line: [ /home/pierrejunior/Android/Sdk/ndk/26.3.11579264/toolchains/llvm/prebuilt/linux-x86_64/sysroot/usr/include]
  ignore line: [End of search list.]
  ignore line: [[2/2] Linking C executable cmTC_f223a]
  ignore line: [Android (11349228  +pgo  +bolt  +lto  -mlgo  based on r487747e) clang version 17.0.2 (https://android.googlesource.com/toolchain/llvm-project d9f89f4d16663d5012e5c09495f3b30ece3d2362)]
  ignore line: [Target: aarch64-none-linux-android21]
  ignore line: [Thread model: posix]
  ignore line: [InstalledDir: /home/pierrejunior/Android/Sdk/ndk/26.3.11579264/toolchains/llvm/prebuilt/linux-x86_64/bin]
  link line: [ "/home/pierrejunior/Android/Sdk/ndk/26.3.11579264/toolchains/llvm/prebuilt/linux-x86_64/bin/ld.lld" --sysroot=/home/pierrejunior/Android/Sdk/ndk/26.3.11579264/toolchains/llvm/prebuilt/linux-x86_64/sysroot -pie -EL --fix-cortex-a53-843419 -z now -z relro -z max-page-size=4096 --hash-style=both --eh-frame-hdr -m aarch64linux -dynamic-linker /system/bin/linker64 -o cmTC_f223a /home/pierrejunior/Android/Sdk/ndk/26.3.11579264/toolchains/llvm/prebuilt/linux-x86_64/sysroot/usr/lib/aarch64-linux-android/21/crtbegin_dynamic.o -L/home/pierrejunior/Android/Sdk/ndk/26.3.11579264/toolchains/llvm/prebuilt/linux-x86_64/lib/clang/17/lib/linux/aarch64 -L/home/pierrejunior/Android/Sdk/ndk/26.3.11579264/toolchains/llvm/prebuilt/linux-x86_64/sysroot/usr/lib/aarch64-linux-android/21 -L/home/pierrejunior/Android/Sdk/ndk/26.3.11579264/toolchains/llvm/prebuilt/linux-x86_64/sysroot/usr/lib/aarch64-linux-android -L/home/pierrejunior/Android/Sdk/ndk/26.3.11579264/toolchains/llvm/prebuilt/linux-x86_64/sysroot/usr/lib --build-id=sha1 --no-rosegment --no-undefined-version --fatal-warnings --no-undefined CMakeFiles/cmTC_f223a.dir/CMakeCCompilerABI.c.o /home/pierrejunior/Android/Sdk/ndk/26.3.11579264/toolchains/llvm/prebuilt/linux-x86_64/lib/clang/17/lib/linux/libclang_rt.builtins-aarch64-android.a -l:libunwind.a -ldl -lc /home/pierrejunior/Android/Sdk/ndk/26.3.11579264/toolchains/llvm/prebuilt/linux-x86_64/lib/clang/17/lib/linux/libclang_rt.builtins-aarch64-android.a -l:libunwind.a -ldl /home/pierrejunior/Android/Sdk/ndk/26.3.11579264/toolchains/llvm/prebuilt/linux-x86_64/sysroot/usr/lib/aarch64-linux-android/21/crtend_android.o]
    arg [/home/pierrejunior/Android/Sdk/ndk/26.3.11579264/toolchains/llvm/prebuilt/linux-x86_64/bin/ld.lld] ==> ignore
    arg [--sysroot=/home/pierrejunior/Android/Sdk/ndk/26.3.11579264/toolchains/llvm/prebuilt/linux-x86_64/sysroot] ==> ignore
    arg [-pie] ==> ignore
    arg [-EL] ==> ignore
    arg [--fix-cortex-a53-843419] ==> ignore
    arg [-znow] ==> ignore
    arg [-zrelro] ==> ignore
    arg [-zmax-page-size=4096] ==> ignore
    arg [--hash-style=both] ==> ignore
    arg [--eh-frame-hdr] ==> ignore
    arg [-m] ==> ignore
    arg [aarch64linux] ==> ignore
    arg [-dynamic-linker] ==> ignore
    arg [/system/bin/linker64] ==> ignore
    arg [-o] ==> ignore
    arg [cmTC_f223a] ==> ignore
    arg [/home/pierrejunior/Android/Sdk/ndk/26.3.11579264/toolchains/llvm/prebuilt/linux-x86_64/sysroot/usr/lib/aarch64-linux-android/21/crtbegin_dynamic.o] ==> ignore
    arg [-L/home/pierrejunior/Android/Sdk/ndk/26.3.11579264/toolchains/llvm/prebuilt/linux-x86_64/lib/clang/17/lib/linux/aarch64] ==> dir [/home/pierrejunior/Android/Sdk/ndk/26.3.11579264/toolchains/llvm/prebuilt/linux-x86_64/lib/clang/17/lib/linux/aarch64]
    arg [-L/home/pierrejunior/Android/Sdk/ndk/26.3.11579264/toolchains/llvm/prebuilt/linux-x86_64/sysroot/usr/lib/aarch64-linux-android/21] ==> dir [/home/pierrejunior/Android/Sdk/ndk/26.3.11579264/toolchains/llvm/prebuilt/linux-x86_64/sysroot/usr/lib/aarch64-linux-android/21]
    arg [-L/home/pierrejunior/Android/Sdk/ndk/26.3.11579264/toolchains/llvm/prebuilt/linux-x86_64/sysroot/usr/lib/aarch64-linux-android] ==> dir [/home/pierrejunior/Android/Sdk/ndk/26.3.11579264/toolchains/llvm/prebuilt/linux-x86_64/sysroot/usr/lib/aarch64-linux-android]
    arg [-L/home/pierrejunior/Android/Sdk/ndk/26.3.11579264/toolchains/llvm/prebuilt/linux-x86_64/sysroot/usr/lib] ==> dir [/home/pierrejunior/Android/Sdk/ndk/26.3.11579264/toolchains/llvm/prebuilt/linux-x86_64/sysroot/usr/lib]
    arg [--build-id=sha1] ==> ignore
    arg [--no-rosegment] ==> ignore
    arg [--no-undefined-version] ==> ignore
    arg [--fatal-warnings] ==> ignore
    arg [--no-undefined] ==> ignore
    arg [CMakeFiles/cmTC_f223a.dir/CMakeCCompilerABI.c.o] ==> ignore
    arg [/home/pierrejunior/Android/Sdk/ndk/26.3.11579264/toolchains/llvm/prebuilt/linux-x86_64/lib/clang/17/lib/linux/libclang_rt.builtins-aarch64-android.a] ==> lib [/home/pierrejunior/Android/Sdk/ndk/26.3.11579264/toolchains/llvm/prebuilt/linux-x86_64/lib/clang/17/lib/linux/libclang_rt.builtins-aarch64-android.a]
    arg [-l:libunwind.a] ==> lib [-l:libunwind.a]
    arg [-ldl] ==> lib [dl]
    arg [-lc] ==> lib [c]
    arg [/home/pierrejunior/Android/Sdk/ndk/26.3.11579264/toolchains/llvm/prebuilt/linux-x86_64/lib/clang/17/lib/linux/libclang_rt.builtins-aarch64-android.a] ==> lib [/home/pierrejunior/Android/Sdk/ndk/26.3.11579264/toolchains/llvm/prebuilt/linux-x86_64/lib/clang/17/lib/linux/libclang_rt.builtins-aarch64-android.a]
    arg [-l:libunwind.a] ==> lib [-l:libunwind.a]
    arg [-ldl] ==> lib [dl]
    arg [/home/pierrejunior/Android/Sdk/ndk/26.3.11579264/toolchains/llvm/prebuilt/linux-x86_64/sysroot/usr/lib/aarch64-linux-android/21/crtend_android.o] ==> ignore
  remove lib [/home/pierrejunior/Android/Sdk/ndk/26.3.11579264/toolchains/llvm/prebuilt/linux-x86_64/lib/clang/17/lib/linux/libclang_rt.builtins-aarch64-android.a]
  remove lib [/home/pierrejunior/Android/Sdk/ndk/26.3.11579264/toolchains/llvm/prebuilt/linux-x86_64/lib/clang/17/lib/linux/libclang_rt.builtins-aarch64-android.a]
  collapse library dir [/home/pierrejunior/Android/Sdk/ndk/26.3.11579264/toolchains/llvm/prebuilt/linux-x86_64/lib/clang/17/lib/linux/aarch64] ==> [/home/pierrejunior/Android/Sdk/ndk/26.3.11579264/toolchains/llvm/prebuilt/linux-x86_64/lib/clang/17/lib/linux/aarch64]
  collapse library dir [/home/pierrejunior/Android/Sdk/ndk/26.3.11579264/toolchains/llvm/prebuilt/linux-x86_64/sysroot/usr/lib/aarch64-linux-android/21] ==> [/home/pierrejunior/Android/Sdk/ndk/26.3.11579264/toolchains/llvm/prebuilt/linux-x86_64/sysroot/usr/lib/aarch64-linux-android/21]
  collapse library dir [/home/pierrejunior/Android/Sdk/ndk/26.3.11579264/toolchains/llvm/prebuilt/linux-x86_64/sysroot/usr/lib/aarch64-linux-android] ==> [/home/pierrejunior/Android/Sdk/ndk/26.3.11579264/toolchains/llvm/prebuilt/linux-x86_64/sysroot/usr/lib/aarch64-linux-android]
  collapse library dir [/home/pierrejunior/Android/Sdk/ndk/26.3.11579264/toolchains/llvm/prebuilt/linux-x86_64/sysroot/usr/lib] ==> [/home/pierrejunior/Android/Sdk/ndk/26.3.11579264/toolchains/llvm/prebuilt/linux-x86_64/sysroot/usr/lib]
  implicit libs: [-l:libunwind.a;dl;c;-l:libunwind.a;dl]
  implicit dirs: [/home/pierrejunior/Android/Sdk/ndk/26.3.11579264/toolchains/llvm/prebuilt/linux-x86_64/lib/clang/17/lib/linux/aarch64;/home/pierrejunior/Android/Sdk/ndk/26.3.11579264/toolchains/llvm/prebuilt/linux-x86_64/sysroot/usr/lib/aarch64-linux-android/21;/home/pierrejunior/Android/Sdk/ndk/26.3.11579264/toolchains/llvm/prebuilt/linux-x86_64/sysroot/usr/lib/aarch64-linux-android;/home/pierrejunior/Android/Sdk/ndk/26.3.11579264/toolchains/llvm/prebuilt/linux-x86_64/sysroot/usr/lib]
  implicit fwks: []


Detecting CXX compiler ABI info compiled with the following output:
Change Dir: /home/pierrejunior/StudioProjects/BitcoinTicker/android/app/.cxx/Debug/w6t251c1/arm64-v8a/CMakeFiles/CMakeTmp

Run Build Command(s):/home/pierrejunior/Android/Sdk/cmake/3.18.1/bin/ninja cmTC_fee1c && [1/2] Building CXX object CMakeFiles/cmTC_fee1c.dir/CMakeCXXCompilerABI.cpp.o
Android (11349228, +pgo, +bolt, +lto, -mlgo, based on r487747e) clang version 17.0.2 (https://android.googlesource.com/toolchain/llvm-project d9f89f4d16663d5012e5c09495f3b30ece3d2362)
Target: aarch64-none-linux-android21
Thread model: posix
InstalledDir: /home/pierrejunior/Android/Sdk/ndk/26.3.11579264/toolchains/llvm/prebuilt/linux-x86_64/bin
 (in-process)
 "/home/pierrejunior/Android/Sdk/ndk/26.3.11579264/toolchains/llvm/prebuilt/linux-x86_64/bin/clang++" -cc1 -triple aarch64-none-linux-android21 -emit-obj -mrelax-all -disable-free -clear-ast-before-backend -disable-llvm-verifier -discard-value-names -main-file-name CMakeCXXCompilerABI.cpp -mrelocation-model pic -pic-level 2 -pic-is-pie -mframe-pointer=non-leaf -ffp-contract=on -fno-rounding-math -mconstructor-aliases -funwind-tables=2 -target-cpu generic -target-feature +neon -target-feature +v8a -target-feature +fix-cortex-a53-835769 -target-abi aapcs -mllvm -treat-scalable-fixed-error-as-warning -debug-info-kind=constructor -dwarf-version=4 -debugger-tuning=gdb -v -ffunction-sections -fdata-sections -fcoverage-compilation-dir=/home/pierrejunior/StudioProjects/BitcoinTicker/android/app/.cxx/Debug/w6t251c1/arm64-v8a/CMakeFiles/CMakeTmp -resource-dir /home/pierrejunior/Android/Sdk/ndk/26.3.11579264/toolchains/llvm/prebuilt/linux-x86_64/lib/clang/17 -dependency-file CMakeFiles/cmTC_fee1c.dir/CMakeCXXCompilerABI.cpp.o.d -MT CMakeFiles/cmTC_fee1c.dir/CMakeCXXCompilerABI.cpp.o -sys-header-deps -D ANDROID -D _FORTIFY_SOURCE=2 -isysroot /home/pierrejunior/Android/Sdk/ndk/26.3.11579264/toolchains/llvm/prebuilt/linux-x86_64/sysroot -cxx-isystem /snap/flutter/current/usr/include/x86_64-linux-gnu/c++/9 -cxx-isystem /snap/flutter/current/usr/include/c++/9 -cxx-isystem /snap/flutter/current/usr/include -cxx-isystem /snap/flutter/current/usr/include/x86_64-linux-gnu -cxx-isystem /snap/flutter/current/usr/include/c++/9 -internal-isystem /home/pierrejunior/Android/Sdk/ndk/26.3.11579264/toolchains/llvm/prebuilt/linux-x86_64/sysroot/usr/include/c++/v1 -internal-isystem /home/pierrejunior/Android/Sdk/ndk/26.3.11579264/toolchains/llvm/prebuilt/linux-x86_64/lib/clang/17/include -internal-isystem /home/pierrejunior/Android/Sdk/ndk/26.3.11579264/toolchains/llvm/prebuilt/linux-x86_64/sysroot/usr/local/include -internal-externc-isystem /home/pierrejunior/Android/Sdk/ndk/26.3.11579264/toolchains/llvm/prebuilt/linux-x86_64/sysroot/usr/include/aarch64-linux-android -internal-externc-isystem /home/pierrejunior/Android/Sdk/ndk/26.3.11579264/toolchains/llvm/prebuilt/linux-x86_64/sysroot/include -internal-externc-isystem /home/pierrejunior/Android/Sdk/ndk/26.3.11579264/toolchains/llvm/prebuilt/linux-x86_64/sysroot/usr/include -Wformat -fdeprecated-macro -fdebug-compilation-dir=/home/pierrejunior/StudioProjects/BitcoinTicker/android/app/.cxx/Debug/w6t251c1/arm64-v8a/CMakeFiles/CMakeTmp -ferror-limit 19 -stack-protector 2 -fno-signed-char -fgnuc-version=4.2.1 -fcxx-exceptions -fexceptions -target-feature +outline-atomics -D__GCC_HAVE_DWARF2_CFI_ASM=1 -o CMakeFiles/cmTC_fee1c.dir/CMakeCXXCompilerABI.cpp.o -x c++ /home/pierrejunior/Android/Sdk/cmake/3.18.1/share/cmake-3.18/Modules/CMakeCXXCompilerABI.cpp
clang -cc1 version 17.0.2 based upon LLVM 17.0.2 default target x86_64-unknown-linux-gnu
ignoring nonexistent directory "/home/pierrejunior/Android/Sdk/ndk/26.3.11579264/toolchains/llvm/prebuilt/linux-x86_64/sysroot/usr/local/include"
ignoring nonexistent directory "/home/pierrejunior/Android/Sdk/ndk/26.3.11579264/toolchains/llvm/prebuilt/linux-x86_64/sysroot/include"
ignoring duplicate directory "/snap/flutter/current/usr/include/c++/9"
#include "..." search starts here:
#include <...> search starts here:
 /snap/flutter/current/usr/include/x86_64-linux-gnu/c++/9
 /snap/flutter/current/usr/include/c++/9
 /snap/flutter/current/usr/include
 /snap/flutter/current/usr/include/x86_64-linux-gnu
 /home/pierrejunior/Android/Sdk/ndk/26.3.11579264/toolchains/llvm/prebuilt/linux-x86_64/sysroot/usr/include/c++/v1
 /home/pierrejunior/Android/Sdk/ndk/26.3.11579264/toolchains/llvm/prebuilt/linux-x86_64/lib/clang/17/include
 /home/pierrejunior/Android/Sdk/ndk/26.3.11579264/toolchains/llvm/prebuilt/linux-x86_64/sysroot/usr/include/aarch64-linux-android
 /home/pierrejunior/Android/Sdk/ndk/26.3.11579264/toolchains/llvm/prebuilt/linux-x86_64/sysroot/usr/include
End of search list.
[2/2] Linking CXX executable cmTC_fee1c
Android (11349228, +pgo, +bolt, +lto, -mlgo, based on r487747e) clang version 17.0.2 (https://android.googlesource.com/toolchain/llvm-project d9f89f4d16663d5012e5c09495f3b30ece3d2362)
Target: aarch64-none-linux-android21
Thread model: posix
InstalledDir: /home/pierrejunior/Android/Sdk/ndk/26.3.11579264/toolchains/llvm/prebuilt/linux-x86_64/bin
 "/home/pierrejunior/Android/Sdk/ndk/26.3.11579264/toolchains/llvm/prebuilt/linux-x86_64/bin/ld.lld" --sysroot=/home/pierrejunior/Android/Sdk/ndk/26.3.11579264/toolchains/llvm/prebuilt/linux-x86_64/sysroot -pie -EL --fix-cortex-a53-843419 -z now -z relro -z max-page-size=4096 --hash-style=both --eh-frame-hdr -m aarch64linux -dynamic-linker /system/bin/linker64 -o cmTC_fee1c /home/pierrejunior/Android/Sdk/ndk/26.3.11579264/toolchains/llvm/prebuilt/linux-x86_64/sysroot/usr/lib/aarch64-linux-android/21/crtbegin_dynamic.o -L/home/pierrejunior/Android/Sdk/ndk/26.3.11579264/toolchains/llvm/prebuilt/linux-x86_64/lib/clang/17/lib/linux/aarch64 -L/home/pierrejunior/Android/Sdk/ndk/26.3.11579264/toolchains/llvm/prebuilt/linux-x86_64/sysroot/usr/lib/aarch64-linux-android/21 -L/home/pierrejunior/Android/Sdk/ndk/26.3.11579264/toolchains/llvm/prebuilt/linux-x86_64/sysroot/usr/lib/aarch64-linux-android -L/home/pierrejunior/Android/Sdk/ndk/26.3.11579264/toolchains/llvm/prebuilt/linux-x86_64/sysroot/usr/lib --build-id=sha1 --no-rosegment --no-undefined-version --fatal-warnings --no-undefined CMakeFiles/cmTC_fee1c.dir/CMakeCXXCompilerABI.cpp.o -Bstatic -lc++ -Bdynamic -lm /home/pierrejunior/Android/Sdk/ndk/26.3.11579264/toolchains/llvm/prebuilt/linux-x86_64/lib/clang/17/lib/linux/libclang_rt.builtins-aarch64-android.a -l:libunwind.a -ldl -lc /home/pierrejunior/Android/Sdk/ndk/26.3.11579264/toolchains/llvm/prebuilt/linux-x86_64/lib/clang/17/lib/linux/libclang_rt.builtins-aarch64-android.a -l:libunwind.a -ldl /home/pierrejunior/Android/Sdk/ndk/26.3.11579264/toolchains/llvm/prebuilt/linux-x86_64/sysroot/usr/lib/aarch64-linux-android/21/crtend_android.o



Parsed CXX implicit include dir info from above output: rv=done
  found start of include info
  found start of implicit include info
    add: [/snap/flutter/current/usr/include/x86_64-linux-gnu/c++/9]
    add: [/snap/flutter/current/usr/include/c++/9]
    add: [/snap/flutter/current/usr/include]
    add: [/snap/flutter/current/usr/include/x86_64-linux-gnu]
    add: [/home/pierrejunior/Android/Sdk/ndk/26.3.11579264/toolchains/llvm/prebuilt/linux-x86_64/sysroot/usr/include/c++/v1]
    add: [/home/pierrejunior/Android/Sdk/ndk/26.3.11579264/toolchains/llvm/prebuilt/linux-x86_64/lib/clang/17/include]
    add: [/home/pierrejunior/Android/Sdk/ndk/26.3.11579264/toolchains/llvm/prebuilt/linux-x86_64/sysroot/usr/include/aarch64-linux-android]
    add: [/home/pierrejunior/Android/Sdk/ndk/26.3.11579264/toolchains/llvm/prebuilt/linux-x86_64/sysroot/usr/include]
  end of search list found
  collapse include dir [/snap/flutter/current/usr/include/x86_64-linux-gnu/c++/9] ==> [/snap/flutter/current/usr/include/x86_64-linux-gnu/c++/9]
  collapse include dir [/snap/flutter/current/usr/include/c++/9] ==> [/snap/flutter/current/usr/include/c++/9]
  collapse include dir [/snap/flutter/current/usr/include] ==> [/snap/flutter/current/usr/include]
  collapse include dir [/snap/flutter/current/usr/include/x86_64-linux-gnu] ==> [/snap/flutter/current/usr/include/x86_64-linux-gnu]
  collapse include dir [/home/pierrejunior/Android/Sdk/ndk/26.3.11579264/toolchains/llvm/prebuilt/linux-x86_64/sysroot/usr/include/c++/v1] ==> [/home/pierrejunior/Android/Sdk/ndk/26.3.11579264/toolchains/llvm/prebuilt/linux-x86_64/sysroot/usr/include/c++/v1]
  collapse include dir [/home/pierrejunior/Android/Sdk/ndk/26.3.11579264/toolchains/llvm/prebuilt/linux-x86_64/lib/clang/17/include] ==> [/home/pierrejunior/Android/Sdk/ndk/26.3.11579264/toolchains/llvm/prebuilt/linux-x86_64/lib/clang/17/include]
  collapse include dir [/home/pierrejunior/Android/Sdk/ndk/26.3.11579264/toolchains/llvm/prebuilt/linux-x86_64/sysroot/usr/include/aarch64-linux-android] ==> [/home/pierrejunior/Android/Sdk/ndk/26.3.11579264/toolchains/llvm/prebuilt/linux-x86_64/sysroot/usr/include/aarch64-linux-android]
  collapse include dir [/home/pierrejunior/Android/Sdk/ndk/26.3.11579264/toolchains/llvm/prebuilt/linux-x86_64/sysroot/usr/include] ==> [/home/pierrejunior/Android/Sdk/ndk/26.3.11579264/toolchains/llvm/prebuilt/linux-x86_64/sysroot/usr/include]
  implicit include dirs: [/snap/flutter/current/usr/include/x86_64-linux-gnu/c++/9;/snap/flutter/current/usr/include/c++/9;/snap/flutter/current/usr/include;/snap/flutter/current/usr/include/x86_64-linux-gnu;/home/pierrejunior/Android/Sdk/ndk/26.3.11579264/toolchains/llvm/prebuilt/linux-x86_64/sysroot/usr/include/c++/v1;/home/pierrejunior/Android/Sdk/ndk/26.3.11579264/toolchains/llvm/prebuilt/linux-x86_64/lib/clang/17/include;/home/pierrejunior/Android/Sdk/ndk/26.3.11579264/toolchains/llvm/prebuilt/linux-x86_64/sysroot/usr/include/aarch64-linux-android;/home/pierrejunior/Android/Sdk/ndk/26.3.11579264/toolchains/llvm/prebuilt/linux-x86_64/sysroot/usr/include]


Parsed CXX implicit link information from above output:
  link line regex: [^( *|.*[/\])(ld\.lld|CMAKE_LINK_STARTFILE-NOTFOUND|([^/\]+-)?ld|collect2)[^/\]*( |$)]
  ignore line: [Change Dir: /home/pierrejunior/StudioProjects/BitcoinTicker/android/app/.cxx/Debug/w6t251c1/arm64-v8a/CMakeFiles/CMakeTmp]
  ignore line: []
  ignore line: [Run Build Command(s):/home/pierrejunior/Android/Sdk/cmake/3.18.1/bin/ninja cmTC_fee1c && [1/2] Building CXX object CMakeFiles/cmTC_fee1c.dir/CMakeCXXCompilerABI.cpp.o]
  ignore line: [Android (11349228  +pgo  +bolt  +lto  -mlgo  based on r487747e) clang version 17.0.2 (https://android.googlesource.com/toolchain/llvm-project d9f89f4d16663d5012e5c09495f3b30ece3d2362)]
  ignore line: [Target: aarch64-none-linux-android21]
  ignore line: [Thread model: posix]
  ignore line: [InstalledDir: /home/pierrejunior/Android/Sdk/ndk/26.3.11579264/toolchains/llvm/prebuilt/linux-x86_64/bin]
  ignore line: [ (in-process)]
  ignore line: [ "/home/pierrejunior/Android/Sdk/ndk/26.3.11579264/toolchains/llvm/prebuilt/linux-x86_64/bin/clang++" -cc1 -triple aarch64-none-linux-android21 -emit-obj -mrelax-all -disable-free -clear-ast-before-backend -disable-llvm-verifier -discard-value-names -main-file-name CMakeCXXCompilerABI.cpp -mrelocation-model pic -pic-level 2 -pic-is-pie -mframe-pointer=non-leaf -ffp-contract=on -fno-rounding-math -mconstructor-aliases -funwind-tables=2 -target-cpu generic -target-feature +neon -target-feature +v8a -target-feature +fix-cortex-a53-835769 -target-abi aapcs -mllvm -treat-scalable-fixed-error-as-warning -debug-info-kind=constructor -dwarf-version=4 -debugger-tuning=gdb -v -ffunction-sections -fdata-sections -fcoverage-compilation-dir=/home/pierrejunior/StudioProjects/BitcoinTicker/android/app/.cxx/Debug/w6t251c1/arm64-v8a/CMakeFiles/CMakeTmp -resource-dir /home/pierrejunior/Android/Sdk/ndk/26.3.11579264/toolchains/llvm/prebuilt/linux-x86_64/lib/clang/17 -dependency-file CMakeFiles/cmTC_fee1c.dir/CMakeCXXCompilerABI.cpp.o.d -MT CMakeFiles/cmTC_fee1c.dir/CMakeCXXCompilerABI.cpp.o -sys-header-deps -D ANDROID -D _FORTIFY_SOURCE=2 -isysroot /home/pierrejunior/Android/Sdk/ndk/26.3.11579264/toolchains/llvm/prebuilt/linux-x86_64/sysroot -cxx-isystem /snap/flutter/current/usr/include/x86_64-linux-gnu/c++/9 -cxx-isystem /snap/flutter/current/usr/include/c++/9 -cxx-isystem /snap/flutter/current/usr/include -cxx-isystem /snap/flutter/current/usr/include/x86_64-linux-gnu -cxx-isystem /snap/flutter/current/usr/include/c++/9 -internal-isystem /home/pierrejunior/Android/Sdk/ndk/26.3.11579264/toolchains/llvm/prebuilt/linux-x86_64/sysroot/usr/include/c++/v1 -internal-isystem /home/pierrejunior/Android/Sdk/ndk/26.3.11579264/toolchains/llvm/prebuilt/linux-x86_64/lib/clang/17/include -internal-isystem /home/pierrejunior/Android/Sdk/ndk/26.3.11579264/toolchains/llvm/prebuilt/linux-x86_64/sysroot/usr/local/include -internal-externc-isystem /home/pierrejunior/Android/Sdk/ndk/26.3.11579264/toolchains/llvm/prebuilt/linux-x86_64/sysroot/usr/include/aarch64-linux-android -internal-externc-isystem /home/pierrejunior/Android/Sdk/ndk/26.3.11579264/toolchains/llvm/prebuilt/linux-x86_64/sysroot/include -internal-externc-isystem /home/pierrejunior/Android/Sdk/ndk/26.3.11579264/toolchains/llvm/prebuilt/linux-x86_64/sysroot/usr/include -Wformat -fdeprecated-macro -fdebug-compilation-dir=/home/pierrejunior/StudioProjects/BitcoinTicker/android/app/.cxx/Debug/w6t251c1/arm64-v8a/CMakeFiles/CMakeTmp -ferror-limit 19 -stack-protector 2 -fno-signed-char -fgnuc-version=4.2.1 -fcxx-exceptions -fexceptions -target-feature +outline-atomics -D__GCC_HAVE_DWARF2_CFI_ASM=1 -o CMakeFiles/cmTC_fee1c.dir/CMakeCXXCompilerABI.cpp.o -x c++ /home/pierrejunior/Android/Sdk/cmake/3.18.1/share/cmake-3.18/Modules/CMakeCXXCompilerABI.cpp]
  ignore line: [clang -cc1 version 17.0.2 based upon LLVM 17.0.2 default target x86_64-unknown-linux-gnu]
  ignore line: [ignoring nonexistent directory "/home/pierrejunior/Android/Sdk/ndk/26.3.11579264/toolchains/llvm/prebuilt/linux-x86_64/sysroot/usr/local/include"]
  ignore line: [ignoring nonexistent directory "/home/pierrejunior/Android/Sdk/ndk/26.3.11579264/toolchains/llvm/prebuilt/linux-x86_64/sysroot/include"]
  ignore line: [ignoring duplicate directory "/snap/flutter/current/usr/include/c++/9"]
  ignore line: [#include "..." search starts here:]
  ignore line: [#include <...> search starts here:]
  ignore line: [ /snap/flutter/current/usr/include/x86_64-linux-gnu/c++/9]
  ignore line: [ /snap/flutter/current/usr/include/c++/9]
  ignore line: [ /snap/flutter/current/usr/include]
  ignore line: [ /snap/flutter/current/usr/include/x86_64-linux-gnu]
  ignore line: [ /home/pierrejunior/Android/Sdk/ndk/26.3.11579264/toolchains/llvm/prebuilt/linux-x86_64/sysroot/usr/include/c++/v1]
  ignore line: [ /home/pierrejunior/Android/Sdk/ndk/26.3.11579264/toolchains/llvm/prebuilt/linux-x86_64/lib/clang/17/include]
  ignore line: [ /home/pierrejunior/Android/Sdk/ndk/26.3.11579264/toolchains/llvm/prebuilt/linux-x86_64/sysroot/usr/include/aarch64-linux-android]
  ignore line: [ /home/pierrejunior/Android/Sdk/ndk/26.3.11579264/toolchains/llvm/prebuilt/linux-x86_64/sysroot/usr/include]
  ignore line: [End of search list.]
  ignore line: [[2/2] Linking CXX executable cmTC_fee1c]
  ignore line: [Android (11349228  +pgo  +bolt  +lto  -mlgo  based on r487747e) clang version 17.0.2 (https://android.googlesource.com/toolchain/llvm-project d9f89f4d16663d5012e5c09495f3b30ece3d2362)]
  ignore line: [Target: aarch64-none-linux-android21]
  ignore line: [Thread model: posix]
  ignore line: [InstalledDir: /home/pierrejunior/Android/Sdk/ndk/26.3.11579264/toolchains/llvm/prebuilt/linux-x86_64/bin]
  link line: [ "/home/pierrejunior/Android/Sdk/ndk/26.3.11579264/toolchains/llvm/prebuilt/linux-x86_64/bin/ld.lld" --sysroot=/home/pierrejunior/Android/Sdk/ndk/26.3.11579264/toolchains/llvm/prebuilt/linux-x86_64/sysroot -pie -EL --fix-cortex-a53-843419 -z now -z relro -z max-page-size=4096 --hash-style=both --eh-frame-hdr -m aarch64linux -dynamic-linker /system/bin/linker64 -o cmTC_fee1c /home/pierrejunior/Android/Sdk/ndk/26.3.11579264/toolchains/llvm/prebuilt/linux-x86_64/sysroot/usr/lib/aarch64-linux-android/21/crtbegin_dynamic.o -L/home/pierrejunior/Android/Sdk/ndk/26.3.11579264/toolchains/llvm/prebuilt/linux-x86_64/lib/clang/17/lib/linux/aarch64 -L/home/pierrejunior/Android/Sdk/ndk/26.3.11579264/toolchains/llvm/prebuilt/linux-x86_64/sysroot/usr/lib/aarch64-linux-android/21 -L/home/pierrejunior/Android/Sdk/ndk/26.3.11579264/toolchains/llvm/prebuilt/linux-x86_64/sysroot/usr/lib/aarch64-linux-android -L/home/pierrejunior/Android/Sdk/ndk/26.3.11579264/toolchains/llvm/prebuilt/linux-x86_64/sysroot/usr/lib --build-id=sha1 --no-rosegment --no-undefined-version --fatal-warnings --no-undefined CMakeFiles/cmTC_fee1c.dir/CMakeCXXCompilerABI.cpp.o -Bstatic -lc++ -Bdynamic -lm /home/pierrejunior/Android/Sdk/ndk/26.3.11579264/toolchains/llvm/prebuilt/linux-x86_64/lib/clang/17/lib/linux/libclang_rt.builtins-aarch64-android.a -l:libunwind.a -ldl -lc /home/pierrejunior/Android/Sdk/ndk/26.3.11579264/toolchains/llvm/prebuilt/linux-x86_64/lib/clang/17/lib/linux/libclang_rt.builtins-aarch64-android.a -l:libunwind.a -ldl /home/pierrejunior/Android/Sdk/ndk/26.3.11579264/toolchains/llvm/prebuilt/linux-x86_64/sysroot/usr/lib/aarch64-linux-android/21/crtend_android.o]
    arg [/home/pierrejunior/Android/Sdk/ndk/26.3.11579264/toolchains/llvm/prebuilt/linux-x86_64/bin/ld.lld] ==> ignore
    arg [--sysroot=/home/pierrejunior/Android/Sdk/ndk/26.3.11579264/toolchains/llvm/prebuilt/linux-x86_64/sysroot] ==> ignore
    arg [-pie] ==> ignore
    arg [-EL] ==> ignore
    arg [--fix-cortex-a53-843419] ==> ignore
    arg [-znow] ==> ignore
    arg [-zrelro] ==> ignore
    arg [-zmax-page-size=4096] ==> ignore
    arg [--hash-style=both] ==> ignore
    arg [--eh-frame-hdr] ==> ignore
    arg [-m] ==> ignore
    arg [aarch64linux] ==> ignore
    arg [-dynamic-linker] ==> ignore
    arg [/system/bin/linker64] ==> ignore
    arg [-o] ==> ignore
    arg [cmTC_fee1c] ==> ignore
    arg [/home/pierrejunior/Android/Sdk/ndk/26.3.11579264/toolchains/llvm/prebuilt/linux-x86_64/sysroot/usr/lib/aarch64-linux-android/21/crtbegin_dynamic.o] ==> ignore
    arg [-L/home/pierrejunior/Android/Sdk/ndk/26.3.11579264/toolchains/llvm/prebuilt/linux-x86_64/lib/clang/17/lib/linux/aarch64] ==> dir [/home/pierrejunior/Android/Sdk/ndk/26.3.11579264/toolchains/llvm/prebuilt/linux-x86_64/lib/clang/17/lib/linux/aarch64]
    arg [-L/home/pierrejunior/Android/Sdk/ndk/26.3.11579264/toolchains/llvm/prebuilt/linux-x86_64/sysroot/usr/lib/aarch64-linux-android/21] ==> dir [/home/pierrejunior/Android/Sdk/ndk/26.3.11579264/toolchains/llvm/prebuilt/linux-x86_64/sysroot/usr/lib/aarch64-linux-android/21]
    arg [-L/home/pierrejunior/Android/Sdk/ndk/26.3.11579264/toolchains/llvm/prebuilt/linux-x86_64/sysroot/usr/lib/aarch64-linux-android] ==> dir [/home/pierrejunior/Android/Sdk/ndk/26.3.11579264/toolchains/llvm/prebuilt/linux-x86_64/sysroot/usr/lib/aarch64-linux-android]
    arg [-L/home/pierrejunior/Android/Sdk/ndk/26.3.11579264/toolchains/llvm/prebuilt/linux-x86_64/sysroot/usr/lib] ==> dir [/home/pierrejunior/Android/Sdk/ndk/26.3.11579264/toolchains/llvm/prebuilt/linux-x86_64/sysroot/usr/lib]
    arg [--build-id=sha1] ==> ignore
    arg [--no-rosegment] ==> ignore
    arg [--no-undefined-version] ==> ignore
    arg [--fatal-warnings] ==> ignore
    arg [--no-undefined] ==> ignore
    arg [CMakeFiles/cmTC_fee1c.dir/CMakeCXXCompilerABI.cpp.o] ==> ignore
    arg [-Bstatic] ==> ignore
    arg [-lc++] ==> lib [c++]
    arg [-Bdynamic] ==> ignore
    arg [-lm] ==> lib [m]
    arg [/home/pierrejunior/Android/Sdk/ndk/26.3.11579264/toolchains/llvm/prebuilt/linux-x86_64/lib/clang/17/lib/linux/libclang_rt.builtins-aarch64-android.a] ==> lib [/home/pierrejunior/Android/Sdk/ndk/26.3.11579264/toolchains/llvm/prebuilt/linux-x86_64/lib/clang/17/lib/linux/libclang_rt.builtins-aarch64-android.a]
    arg [-l:libunwind.a] ==> lib [-l:libunwind.a]
    arg [-ldl] ==> lib [dl]
    arg [-lc] ==> lib [c]
    arg [/home/pierrejunior/Android/Sdk/ndk/26.3.11579264/toolchains/llvm/prebuilt/linux-x86_64/lib/clang/17/lib/linux/libclang_rt.builtins-aarch64-android.a] ==> lib [/home/pierrejunior/Android/Sdk/ndk/26.3.11579264/toolchains/llvm/prebuilt/linux-x86_64/lib/clang/17/lib/linux/libclang_rt.builtins-aarch64-android.a]
    arg [-l:libunwind.a] ==> lib [-l:libunwind.a]
    arg [-ldl] ==> lib [dl]
    arg [/home/pierrejunior/Android/Sdk/ndk/26.3.11579264/toolchains/llvm/prebuilt/linux-x86_64/sysroot/usr/lib/aarch64-linux-android/21/crtend_android.o] ==> ignore
  remove lib [/home/pierrejunior/Android/Sdk/ndk/26.3.11579264/toolchains/llvm/prebuilt/linux-x86_64/lib/clang/17/lib/linux/libclang_rt.builtins-aarch64-android.a]
  remove lib [/home/pierrejunior/Android/Sdk/ndk/26.3.11579264/toolchains/llvm/prebuilt/linux-x86_64/lib/clang/17/lib/linux/libclang_rt.builtins-aarch64-android.a]
  collapse library dir [/home/pierrejunior/Android/Sdk/ndk/26.3.11579264/toolchains/llvm/prebuilt/linux-x86_64/lib/clang/17/lib/linux/aarch64] ==> [/home/pierrejunior/Android/Sdk/ndk/26.3.11579264/toolchains/llvm/prebuilt/linux-x86_64/lib/clang/17/lib/linux/aarch64]
  collapse library dir [/home/pierrejunior/Android/Sdk/ndk/26.3.11579264/toolchains/llvm/prebuilt/linux-x86_64/sysroot/usr/lib/aarch64-linux-android/21] ==> [/home/pierrejunior/Android/Sdk/ndk/26.3.11579264/toolchains/llvm/prebuilt/linux-x86_64/sysroot/usr/lib/aarch64-linux-android/21]
  collapse library dir [/home/pierrejunior/Android/Sdk/ndk/26.3.11579264/toolchains/llvm/prebuilt/linux-x86_64/sysroot/usr/lib/aarch64-linux-android] ==> [/home/pierrejunior/Android/Sdk/ndk/26.3.11579264/toolchains/llvm/prebuilt/linux-x86_64/sysroot/usr/lib/aarch64-linux-android]
  collapse library dir [/home/pierrejunior/Android/Sdk/ndk/26.3.11579264/toolchains/llvm/prebuilt/linux-x86_64/sysroot/usr/lib] ==> [/home/pierrejunior/Android/Sdk/ndk/26.3.11579264/toolchains/llvm/prebuilt/linux-x86_64/sysroot/usr/lib]
  implicit libs: [c++;m;-l:libunwind.a;dl;c;-l:libunwind.a;dl]
  implicit dirs: [/home/pierrejunior/Android/Sdk/ndk/26.3.11579264/toolchains/llvm/prebuilt/linux-x86_64/lib/clang/17/lib/linux/aarch64;/home/pierrejunior/Android/Sdk/ndk/26.3.11579264/toolchains/llvm/prebuilt/linux-x86_64/sysroot/usr/lib/aarch64-linux-android/21;/home/pierrejunior/Android/Sdk/ndk/26.3.11579264/toolchains/llvm/prebuilt/linux-x86_64/sysroot/usr/lib/aarch64-linux-android;/home/pierrejunior/Android/Sdk/ndk/26.3.11579264/toolchains/llvm/prebuilt/linux-x86_64/sysroot/usr/lib]
  implicit fwks: []


